CRITICAL - 2023-12-16 04:29:32 --> Undefined constant "CodeIgniter\Database\MySQLi\MYSQLI_STORE_RESULT"
in SYSTEMPATH\Database\Database.php on line 137.
 1 SYSTEMPATH\Database\Database.php(55): CodeIgniter\Database\Database->initDriver('MySQLi', 'Connection', [...])
 2 SYSTEMPATH\Database\Config.php(83): CodeIgniter\Database\Database->load([...], 'default')
 3 SYSTEMPATH\Model.php(151): CodeIgniter\Database\Config::connect('default')
 4 SYSTEMPATH\Config\Factories.php(221): CodeIgniter\Model->__construct(null)
 5 SYSTEMPATH\Config\Factories.php(171): CodeIgniter\Config\Factories::createInstance('models', 'App\\Models\\Flight', [...])
 6 SYSTEMPATH\Common.php(827): CodeIgniter\Config\Factories::__callStatic('models', [...])
 7 APPPATH\Controllers\FlightAPI.php(11): model('App\\Models\\Flight')
 8 SYSTEMPATH\CodeIgniter.php(942): App\Controllers\FlightAPI->flights('CGK', 'HLP', '2023-12-17', '10')
 9 SYSTEMPATH\CodeIgniter.php(502): CodeIgniter\CodeIgniter->runController(Object(App\Controllers\FlightAPI))
10 SYSTEMPATH\CodeIgniter.php(361): CodeIgniter\CodeIgniter->handleRequest(null, Object(Config\Cache), false)
11 FCPATH\index.php(79): CodeIgniter\CodeIgniter->run()
12 SYSTEMPATH\Commands\Server\rewrite.php(47): require_once('C:\\Users\\RaySi\\TST\\onlyflights\\public\\index.php')
CRITICAL - 2023-12-16 04:30:14 --> Undefined constant "CodeIgniter\Database\MySQLi\MYSQLI_STORE_RESULT"
in SYSTEMPATH\Database\Database.php on line 137.
 1 SYSTEMPATH\Database\Database.php(55): CodeIgniter\Database\Database->initDriver('MySQLi', 'Connection', [...])
 2 SYSTEMPATH\Database\Config.php(83): CodeIgniter\Database\Database->load([...], 'default')
 3 SYSTEMPATH\Model.php(151): CodeIgniter\Database\Config::connect('default')
 4 SYSTEMPATH\Config\Factories.php(221): CodeIgniter\Model->__construct(null)
 5 SYSTEMPATH\Config\Factories.php(171): CodeIgniter\Config\Factories::createInstance('models', 'App\\Models\\Flight', [...])
 6 SYSTEMPATH\Common.php(827): CodeIgniter\Config\Factories::__callStatic('models', [...])
 7 APPPATH\Controllers\FlightAPI.php(11): model('App\\Models\\Flight')
 8 SYSTEMPATH\CodeIgniter.php(942): App\Controllers\FlightAPI->flights('CGK', 'HLP', '2023-12-17', '10')
 9 SYSTEMPATH\CodeIgniter.php(502): CodeIgniter\CodeIgniter->runController(Object(App\Controllers\FlightAPI))
10 SYSTEMPATH\CodeIgniter.php(361): CodeIgniter\CodeIgniter->handleRequest(null, Object(Config\Cache), false)
11 FCPATH\index.php(79): CodeIgniter\CodeIgniter->run()
12 SYSTEMPATH\Commands\Server\rewrite.php(47): require_once('C:\\Users\\RaySi\\TST\\onlyflights\\public\\index.php')
CRITICAL - 2023-12-16 04:31:06 --> Undefined constant "CodeIgniter\Database\MySQLi\MYSQLI_STORE_RESULT"
in SYSTEMPATH\Database\Database.php on line 137.
 1 SYSTEMPATH\Database\Database.php(55): CodeIgniter\Database\Database->initDriver('MySQLi', 'Connection', [...])
 2 SYSTEMPATH\Database\Config.php(83): CodeIgniter\Database\Database->load([...], 'default')
 3 SYSTEMPATH\Model.php(151): CodeIgniter\Database\Config::connect('default')
 4 SYSTEMPATH\Config\Factories.php(221): CodeIgniter\Model->__construct(null)
 5 SYSTEMPATH\Config\Factories.php(171): CodeIgniter\Config\Factories::createInstance('models', 'App\\Models\\Flight', [...])
 6 SYSTEMPATH\Common.php(827): CodeIgniter\Config\Factories::__callStatic('models', [...])
 7 APPPATH\Controllers\FlightAPI.php(11): model('App\\Models\\Flight')
 8 SYSTEMPATH\CodeIgniter.php(942): App\Controllers\FlightAPI->flights('\'CGK\'', '\'HLP\'', '\'2023-12-17\'', '10')
 9 SYSTEMPATH\CodeIgniter.php(502): CodeIgniter\CodeIgniter->runController(Object(App\Controllers\FlightAPI))
10 SYSTEMPATH\CodeIgniter.php(361): CodeIgniter\CodeIgniter->handleRequest(null, Object(Config\Cache), false)
11 FCPATH\index.php(79): CodeIgniter\CodeIgniter->run()
12 SYSTEMPATH\Commands\Server\rewrite.php(47): require_once('C:\\Users\\RaySi\\TST\\onlyflights\\public\\index.php')
CRITICAL - 2023-12-16 04:35:23 --> Undefined constant "CodeIgniter\Database\MySQLi\MYSQLI_STORE_RESULT"
in SYSTEMPATH\Database\Database.php on line 137.
 1 SYSTEMPATH\Database\Database.php(55): CodeIgniter\Database\Database->initDriver('MySQLi', 'Connection', [...])
 2 SYSTEMPATH\Database\Config.php(83): CodeIgniter\Database\Database->load([...], 'default')
 3 SYSTEMPATH\Model.php(151): CodeIgniter\Database\Config::connect('default')
 4 SYSTEMPATH\Config\Factories.php(221): CodeIgniter\Model->__construct(null)
 5 SYSTEMPATH\Config\Factories.php(171): CodeIgniter\Config\Factories::createInstance('models', 'App\\Models\\Flight', [...])
 6 SYSTEMPATH\Common.php(827): CodeIgniter\Config\Factories::__callStatic('models', [...])
 7 APPPATH\Controllers\FlightAPI.php(11): model('App\\Models\\Flight')
 8 SYSTEMPATH\CodeIgniter.php(942): App\Controllers\FlightAPI->flights('CGK', 'HLP', '2023-12-17', '10')
 9 SYSTEMPATH\CodeIgniter.php(502): CodeIgniter\CodeIgniter->runController(Object(App\Controllers\FlightAPI))
10 SYSTEMPATH\CodeIgniter.php(361): CodeIgniter\CodeIgniter->handleRequest(null, Object(Config\Cache), false)
11 FCPATH\index.php(79): CodeIgniter\CodeIgniter->run()
12 SYSTEMPATH\Commands\Server\rewrite.php(47): require_once('C:\\Users\\RaySi\\TST\\onlyflights\\public\\index.php')
CRITICAL - 2023-12-16 04:37:14 --> Undefined constant "CodeIgniter\Database\MySQLi\MYSQLI_STORE_RESULT"
in SYSTEMPATH\Database\Database.php on line 137.
 1 SYSTEMPATH\Database\Database.php(55): CodeIgniter\Database\Database->initDriver('MySQLi', 'Connection', [...])
 2 SYSTEMPATH\Database\Config.php(83): CodeIgniter\Database\Database->load([...], 'default')
 3 SYSTEMPATH\Model.php(151): CodeIgniter\Database\Config::connect('default')
 4 SYSTEMPATH\Config\Factories.php(221): CodeIgniter\Model->__construct(null)
 5 SYSTEMPATH\Config\Factories.php(171): CodeIgniter\Config\Factories::createInstance('models', 'App\\Models\\Flight', [...])
 6 SYSTEMPATH\Common.php(827): CodeIgniter\Config\Factories::__callStatic('models', [...])
 7 APPPATH\Controllers\FlightAPI.php(11): model('App\\Models\\Flight')
 8 SYSTEMPATH\CodeIgniter.php(942): App\Controllers\FlightAPI->flights('CGK', 'HLP', '2023-12-17', '10')
 9 SYSTEMPATH\CodeIgniter.php(502): CodeIgniter\CodeIgniter->runController(Object(App\Controllers\FlightAPI))
10 SYSTEMPATH\CodeIgniter.php(361): CodeIgniter\CodeIgniter->handleRequest(null, Object(Config\Cache), false)
11 FCPATH\index.php(79): CodeIgniter\CodeIgniter->run()
12 SYSTEMPATH\Commands\Server\rewrite.php(47): require_once('C:\\Users\\RaySi\\TST\\onlyflights\\public\\index.php')
CRITICAL - 2023-12-16 04:37:28 --> CodeIgniter\Database\BaseConnection::prepare(): Argument #1 ($func) must be of type Closure, string given, called in C:\Users\RaySi\TST\onlyflights\app\Models\Flight.php on line 10
in SYSTEMPATH\Database\BaseConnection.php on line 921.
 1 APPPATH\Models\Flight.php(10): CodeIgniter\Database\BaseConnection->prepare('SELECT * FROM flight WHERE origin_id = :origin AND destination_id = :destination AND DATE(schedule) = :date')
 2 APPPATH\Controllers\FlightAPI.php(12): App\Models\Flight->getFlights('CGK', 'HLP', '2023-12-17', '10')
 3 SYSTEMPATH\CodeIgniter.php(942): App\Controllers\FlightAPI->flights('CGK', 'HLP', '2023-12-17', '10')
 4 SYSTEMPATH\CodeIgniter.php(502): CodeIgniter\CodeIgniter->runController(Object(App\Controllers\FlightAPI))
 5 SYSTEMPATH\CodeIgniter.php(361): CodeIgniter\CodeIgniter->handleRequest(null, Object(Config\Cache), false)
 6 FCPATH\index.php(79): CodeIgniter\CodeIgniter->run()
 7 SYSTEMPATH\Commands\Server\rewrite.php(47): require_once('C:\\Users\\RaySi\\TST\\onlyflights\\public\\index.php')
CRITICAL - 2023-12-16 04:58:44 --> Declaration of App\Controllers\BookingAPI::create($flight_id, $pnr) must be compatible with CodeIgniter\RESTful\ResourceController::create()
in APPPATH\Controllers\BookingAPI.php on line 9.
 1 [internal function]: CodeIgniter\Debug\Exceptions->shutdownHandler()
ERROR - 2023-12-16 05:05:33 --> mysqli_sql_exception: Duplicate entry 'QWERTY' for key 'PRIMARY' in C:\Users\RaySi\TST\onlyflights\system\Database\MySQLi\Connection.php:306
Stack trace:
#0 C:\Users\RaySi\TST\onlyflights\system\Database\MySQLi\Connection.php(306): mysqli->query('INSERT INTO boo...', 0)
#1 C:\Users\RaySi\TST\onlyflights\system\Database\BaseConnection.php(693): CodeIgniter\Database\MySQLi\Connection->execute('INSERT INTO boo...')
#2 C:\Users\RaySi\TST\onlyflights\system\Database\BaseConnection.php(607): CodeIgniter\Database\BaseConnection->simpleQuery('INSERT INTO boo...')
#3 C:\Users\RaySi\TST\onlyflights\app\Models\Booking.php(11): CodeIgniter\Database\BaseConnection->query('INSERT INTO boo...', Array)
#4 C:\Users\RaySi\TST\onlyflights\app\Controllers\BookingAPI.php(16): App\Models\Booking->createBooking('OF-002', 'QWERTY')
#5 C:\Users\RaySi\TST\onlyflights\system\CodeIgniter.php(942): App\Controllers\BookingAPI->create()
#6 C:\Users\RaySi\TST\onlyflights\system\CodeIgniter.php(502): CodeIgniter\CodeIgniter->runController(Object(App\Controllers\BookingAPI))
#7 C:\Users\RaySi\TST\onlyflights\system\CodeIgniter.php(361): CodeIgniter\CodeIgniter->handleRequest(NULL, Object(Config\Cache), false)
#8 C:\Users\RaySi\TST\onlyflights\public\index.php(79): CodeIgniter\CodeIgniter->run()
#9 C:\Users\RaySi\TST\onlyflights\system\Commands\Server\rewrite.php(47): require_once('C:\\Users\\RaySi\\...')
#10 {main}
CRITICAL - 2023-12-16 05:05:33 --> Duplicate entry 'QWERTY' for key 'PRIMARY'
in SYSTEMPATH\Database\BaseConnection.php on line 647.
 1 APPPATH\Models\Booking.php(11): CodeIgniter\Database\BaseConnection->query('INSERT INTO booking (flight_id, pnr) VALUES (?, ?)', [...])
 2 APPPATH\Controllers\BookingAPI.php(16): App\Models\Booking->createBooking('OF-002', 'QWERTY')
 3 SYSTEMPATH\CodeIgniter.php(942): App\Controllers\BookingAPI->create()
 4 SYSTEMPATH\CodeIgniter.php(502): CodeIgniter\CodeIgniter->runController(Object(App\Controllers\BookingAPI))
 5 SYSTEMPATH\CodeIgniter.php(361): CodeIgniter\CodeIgniter->handleRequest(null, Object(Config\Cache), false)
 6 FCPATH\index.php(79): CodeIgniter\CodeIgniter->run()
 7 SYSTEMPATH\Commands\Server\rewrite.php(47): require_once('C:\\Users\\RaySi\\TST\\onlyflights\\public\\index.php')
ERROR - 2023-12-16 05:21:22 --> mysqli_sql_exception: Unknown column 'country' in 'field list' in C:\Users\RaySi\TST\onlyflights\system\Database\MySQLi\Connection.php:306
Stack trace:
#0 C:\Users\RaySi\TST\onlyflights\system\Database\MySQLi\Connection.php(306): mysqli->query('INSERT INTO air...', 0)
#1 C:\Users\RaySi\TST\onlyflights\system\Database\BaseConnection.php(693): CodeIgniter\Database\MySQLi\Connection->execute('INSERT INTO air...')
#2 C:\Users\RaySi\TST\onlyflights\system\Database\BaseConnection.php(607): CodeIgniter\Database\BaseConnection->simpleQuery('INSERT INTO air...')
#3 C:\Users\RaySi\TST\onlyflights\app\Models\Airport.php(10): CodeIgniter\Database\BaseConnection->query('INSERT INTO air...', Array)
#4 C:\Users\RaySi\TST\onlyflights\app\Controllers\AirportController.php(22): App\Models\Airport->addAirport('Changi Internat...', 'Singapore', 'Singapore')
#5 C:\Users\RaySi\TST\onlyflights\system\CodeIgniter.php(942): App\Controllers\AirportController->add()
#6 C:\Users\RaySi\TST\onlyflights\system\CodeIgniter.php(502): CodeIgniter\CodeIgniter->runController(Object(App\Controllers\AirportController))
#7 C:\Users\RaySi\TST\onlyflights\system\CodeIgniter.php(361): CodeIgniter\CodeIgniter->handleRequest(NULL, Object(Config\Cache), false)
#8 C:\Users\RaySi\TST\onlyflights\public\index.php(79): CodeIgniter\CodeIgniter->run()
#9 C:\Users\RaySi\TST\onlyflights\system\Commands\Server\rewrite.php(47): require_once('C:\\Users\\RaySi\\...')
#10 {main}
CRITICAL - 2023-12-16 05:21:22 --> Unknown column 'country' in 'field list'
in SYSTEMPATH\Database\BaseConnection.php on line 647.
 1 APPPATH\Models\Airport.php(10): CodeIgniter\Database\BaseConnection->query('INSERT INTO airport (name, city, country) VALUES (?, ?, ?)', [...])
 2 APPPATH\Controllers\AirportController.php(22): App\Models\Airport->addAirport('Changi International Airport', 'Singapore', 'Singapore')
 3 SYSTEMPATH\CodeIgniter.php(942): App\Controllers\AirportController->add()
 4 SYSTEMPATH\CodeIgniter.php(502): CodeIgniter\CodeIgniter->runController(Object(App\Controllers\AirportController))
 5 SYSTEMPATH\CodeIgniter.php(361): CodeIgniter\CodeIgniter->handleRequest(null, Object(Config\Cache), false)
 6 FCPATH\index.php(79): CodeIgniter\CodeIgniter->run()
 7 SYSTEMPATH\Commands\Server\rewrite.php(47): require_once('C:\\Users\\RaySi\\TST\\onlyflights\\public\\index.php')
ERROR - 2023-12-16 05:24:32 --> mysqli_sql_exception: Unknown column 'country' in 'field list' in C:\Users\RaySi\TST\onlyflights\system\Database\MySQLi\Connection.php:306
Stack trace:
#0 C:\Users\RaySi\TST\onlyflights\system\Database\MySQLi\Connection.php(306): mysqli->query('INSERT INTO air...', 0)
#1 C:\Users\RaySi\TST\onlyflights\system\Database\BaseConnection.php(693): CodeIgniter\Database\MySQLi\Connection->execute('INSERT INTO air...')
#2 C:\Users\RaySi\TST\onlyflights\system\Database\BaseConnection.php(607): CodeIgniter\Database\BaseConnection->simpleQuery('INSERT INTO air...')
#3 C:\Users\RaySi\TST\onlyflights\app\Models\Airport.php(10): CodeIgniter\Database\BaseConnection->query('INSERT INTO air...', Array)
#4 C:\Users\RaySi\TST\onlyflights\app\Controllers\AirportController.php(23): App\Models\Airport->addAirport('SIN', 'Changi Internat...', 'Singapore', 'Singapore')
#5 C:\Users\RaySi\TST\onlyflights\system\CodeIgniter.php(942): App\Controllers\AirportController->add()
#6 C:\Users\RaySi\TST\onlyflights\system\CodeIgniter.php(502): CodeIgniter\CodeIgniter->runController(Object(App\Controllers\AirportController))
#7 C:\Users\RaySi\TST\onlyflights\system\CodeIgniter.php(361): CodeIgniter\CodeIgniter->handleRequest(NULL, Object(Config\Cache), false)
#8 C:\Users\RaySi\TST\onlyflights\public\index.php(79): CodeIgniter\CodeIgniter->run()
#9 C:\Users\RaySi\TST\onlyflights\system\Commands\Server\rewrite.php(47): require_once('C:\\Users\\RaySi\\...')
#10 {main}
CRITICAL - 2023-12-16 05:24:32 --> Unknown column 'country' in 'field list'
in SYSTEMPATH\Database\BaseConnection.php on line 647.
 1 APPPATH\Models\Airport.php(10): CodeIgniter\Database\BaseConnection->query('INSERT INTO airport (iata, name, city, country) VALUES (?, ?, ?, ?)', [...])
 2 APPPATH\Controllers\AirportController.php(23): App\Models\Airport->addAirport('SIN', 'Changi International Airport', 'Singapore', 'Singapore')
 3 SYSTEMPATH\CodeIgniter.php(942): App\Controllers\AirportController->add()
 4 SYSTEMPATH\CodeIgniter.php(502): CodeIgniter\CodeIgniter->runController(Object(App\Controllers\AirportController))
 5 SYSTEMPATH\CodeIgniter.php(361): CodeIgniter\CodeIgniter->handleRequest(null, Object(Config\Cache), false)
 6 FCPATH\index.php(79): CodeIgniter\CodeIgniter->run()
 7 SYSTEMPATH\Commands\Server\rewrite.php(47): require_once('C:\\Users\\RaySi\\TST\\onlyflights\\public\\index.php')
CRITICAL - 2023-12-16 07:32:20 --> Class "App\Controllers\ResourceController" not found
in APPPATH\Controllers\FlightController.php on line 6.
 1 SYSTEMPATH\Autoloader\Autoloader.php(312): include_once()
 2 SYSTEMPATH\Autoloader\Autoloader.php(291): CodeIgniter\Autoloader\Autoloader->includeFile('C:\\Users\\RaySi\\TST\\onlyflights\\app\\Controllers\\FlightController.php')
 3 SYSTEMPATH\Autoloader\Autoloader.php(269): CodeIgniter\Autoloader\Autoloader->loadInNamespace('App\\Controllers\\FlightController')
 4 [internal function]: CodeIgniter\Autoloader\Autoloader->loadClass('App\\Controllers\\FlightController')
 5 SYSTEMPATH\CodeIgniter.php(900): class_exists('\\App\\Controllers\\FlightController', true)
 6 SYSTEMPATH\CodeIgniter.php(489): CodeIgniter\CodeIgniter->startController()
 7 SYSTEMPATH\CodeIgniter.php(361): CodeIgniter\CodeIgniter->handleRequest(null, Object(Config\Cache), false)
 8 FCPATH\index.php(79): CodeIgniter\CodeIgniter->run()
 9 SYSTEMPATH\Commands\Server\rewrite.php(47): require_once('C:\\Users\\RaySi\\TST\\onlyflights\\public\\index.php')
CRITICAL - 2023-12-16 07:32:54 --> You must set the database table to be used with your query.
in SYSTEMPATH\Database\BaseConnection.php on line 884.
 1 SYSTEMPATH\Model.php(635): CodeIgniter\Database\BaseConnection->table(null)
 2 SYSTEMPATH\Model.php(863): CodeIgniter\Model->builder()
 3 APPPATH\Controllers\FlightController.php(12): CodeIgniter\Model->__call('getAirports', [])
 4 SYSTEMPATH\CodeIgniter.php(942): App\Controllers\FlightController->addFlightPage()
 5 SYSTEMPATH\CodeIgniter.php(502): CodeIgniter\CodeIgniter->runController(Object(App\Controllers\FlightController))
 6 SYSTEMPATH\CodeIgniter.php(361): CodeIgniter\CodeIgniter->handleRequest(null, Object(Config\Cache), false)
 7 FCPATH\index.php(79): CodeIgniter\CodeIgniter->run()
 8 SYSTEMPATH\Commands\Server\rewrite.php(47): require_once('C:\\Users\\RaySi\\TST\\onlyflights\\public\\index.php')
CRITICAL - 2023-12-16 07:33:21 --> You must set the database table to be used with your query.
in SYSTEMPATH\Database\BaseConnection.php on line 884.
 1 SYSTEMPATH\Model.php(635): CodeIgniter\Database\BaseConnection->table(null)
 2 SYSTEMPATH\Model.php(863): CodeIgniter\Model->builder()
 3 APPPATH\Controllers\FlightController.php(12): CodeIgniter\Model->__call('getAirports', [])
 4 SYSTEMPATH\CodeIgniter.php(942): App\Controllers\FlightController->addFlightPage()
 5 SYSTEMPATH\CodeIgniter.php(502): CodeIgniter\CodeIgniter->runController(Object(App\Controllers\FlightController))
 6 SYSTEMPATH\CodeIgniter.php(361): CodeIgniter\CodeIgniter->handleRequest(null, Object(Config\Cache), false)
 7 FCPATH\index.php(79): CodeIgniter\CodeIgniter->run()
 8 SYSTEMPATH\Commands\Server\rewrite.php(47): require_once('C:\\Users\\RaySi\\TST\\onlyflights\\public\\index.php')
CRITICAL - 2023-12-16 07:33:24 --> You must set the database table to be used with your query.
in SYSTEMPATH\Database\BaseConnection.php on line 884.
 1 SYSTEMPATH\Model.php(635): CodeIgniter\Database\BaseConnection->table(null)
 2 SYSTEMPATH\Model.php(863): CodeIgniter\Model->builder()
 3 APPPATH\Controllers\FlightController.php(12): CodeIgniter\Model->__call('getAirports', [])
 4 SYSTEMPATH\CodeIgniter.php(942): App\Controllers\FlightController->addFlightPage()
 5 SYSTEMPATH\CodeIgniter.php(502): CodeIgniter\CodeIgniter->runController(Object(App\Controllers\FlightController))
 6 SYSTEMPATH\CodeIgniter.php(361): CodeIgniter\CodeIgniter->handleRequest(null, Object(Config\Cache), false)
 7 FCPATH\index.php(79): CodeIgniter\CodeIgniter->run()
 8 SYSTEMPATH\Commands\Server\rewrite.php(47): require_once('C:\\Users\\RaySi\\TST\\onlyflights\\public\\index.php')
CRITICAL - 2023-12-16 07:33:39 --> You must set the database table to be used with your query.
in SYSTEMPATH\Database\BaseConnection.php on line 884.
 1 SYSTEMPATH\Model.php(635): CodeIgniter\Database\BaseConnection->table(null)
 2 SYSTEMPATH\Model.php(863): CodeIgniter\Model->builder()
 3 APPPATH\Controllers\FlightController.php(12): CodeIgniter\Model->__call('getAirports', [])
 4 SYSTEMPATH\CodeIgniter.php(942): App\Controllers\FlightController->addFlightPage()
 5 SYSTEMPATH\CodeIgniter.php(502): CodeIgniter\CodeIgniter->runController(Object(App\Controllers\FlightController))
 6 SYSTEMPATH\CodeIgniter.php(361): CodeIgniter\CodeIgniter->handleRequest(null, Object(Config\Cache), false)
 7 FCPATH\index.php(79): CodeIgniter\CodeIgniter->run()
 8 SYSTEMPATH\Commands\Server\rewrite.php(47): require_once('C:\\Users\\RaySi\\TST\\onlyflights\\public\\index.php')
CRITICAL - 2023-12-16 07:33:40 --> You must set the database table to be used with your query.
in SYSTEMPATH\Database\BaseConnection.php on line 884.
 1 SYSTEMPATH\Model.php(635): CodeIgniter\Database\BaseConnection->table(null)
 2 SYSTEMPATH\Model.php(863): CodeIgniter\Model->builder()
 3 APPPATH\Controllers\FlightController.php(12): CodeIgniter\Model->__call('getAirports', [])
 4 SYSTEMPATH\CodeIgniter.php(942): App\Controllers\FlightController->addFlightPage()
 5 SYSTEMPATH\CodeIgniter.php(502): CodeIgniter\CodeIgniter->runController(Object(App\Controllers\FlightController))
 6 SYSTEMPATH\CodeIgniter.php(361): CodeIgniter\CodeIgniter->handleRequest(null, Object(Config\Cache), false)
 7 FCPATH\index.php(79): CodeIgniter\CodeIgniter->run()
 8 SYSTEMPATH\Commands\Server\rewrite.php(47): require_once('C:\\Users\\RaySi\\TST\\onlyflights\\public\\index.php')
CRITICAL - 2023-12-16 07:33:48 --> You must set the database table to be used with your query.
in SYSTEMPATH\Database\BaseConnection.php on line 884.
 1 SYSTEMPATH\Model.php(635): CodeIgniter\Database\BaseConnection->table(null)
 2 SYSTEMPATH\Model.php(863): CodeIgniter\Model->builder()
 3 APPPATH\Controllers\FlightController.php(12): CodeIgniter\Model->__call('getAirports', [])
 4 SYSTEMPATH\CodeIgniter.php(942): App\Controllers\FlightController->addFlightPage()
 5 SYSTEMPATH\CodeIgniter.php(502): CodeIgniter\CodeIgniter->runController(Object(App\Controllers\FlightController))
 6 SYSTEMPATH\CodeIgniter.php(361): CodeIgniter\CodeIgniter->handleRequest(null, Object(Config\Cache), false)
 7 FCPATH\index.php(79): CodeIgniter\CodeIgniter->run()
 8 SYSTEMPATH\Commands\Server\rewrite.php(47): require_once('C:\\Users\\RaySi\\TST\\onlyflights\\public\\index.php')
CRITICAL - 2023-12-16 07:38:07 --> You must set the database table to be used with your query.
in SYSTEMPATH\Database\BaseConnection.php on line 884.
 1 SYSTEMPATH\Model.php(635): CodeIgniter\Database\BaseConnection->table(null)
 2 SYSTEMPATH\Model.php(863): CodeIgniter\Model->builder()
 3 APPPATH\Controllers\FlightController.php(12): CodeIgniter\Model->__call('getAirports', [])
 4 SYSTEMPATH\CodeIgniter.php(942): App\Controllers\FlightController->addFlightPage()
 5 SYSTEMPATH\CodeIgniter.php(502): CodeIgniter\CodeIgniter->runController(Object(App\Controllers\FlightController))
 6 SYSTEMPATH\CodeIgniter.php(361): CodeIgniter\CodeIgniter->handleRequest(null, Object(Config\Cache), false)
 7 FCPATH\index.php(79): CodeIgniter\CodeIgniter->run()
 8 SYSTEMPATH\Commands\Server\rewrite.php(47): require_once('C:\\Users\\RaySi\\TST\\onlyflights\\public\\index.php')
CRITICAL - 2023-12-16 07:38:11 --> You must set the database table to be used with your query.
in SYSTEMPATH\Database\BaseConnection.php on line 884.
 1 SYSTEMPATH\Model.php(635): CodeIgniter\Database\BaseConnection->table(null)
 2 SYSTEMPATH\Model.php(863): CodeIgniter\Model->builder()
 3 APPPATH\Controllers\FlightController.php(12): CodeIgniter\Model->__call('getAirports', [])
 4 SYSTEMPATH\CodeIgniter.php(942): App\Controllers\FlightController->addFlightPage()
 5 SYSTEMPATH\CodeIgniter.php(502): CodeIgniter\CodeIgniter->runController(Object(App\Controllers\FlightController))
 6 SYSTEMPATH\CodeIgniter.php(361): CodeIgniter\CodeIgniter->handleRequest(null, Object(Config\Cache), false)
 7 FCPATH\index.php(79): CodeIgniter\CodeIgniter->run()
 8 SYSTEMPATH\Commands\Server\rewrite.php(47): require_once('C:\\Users\\RaySi\\TST\\onlyflights\\public\\index.php')
CRITICAL - 2023-12-16 07:39:29 --> You must set the database table to be used with your query.
in SYSTEMPATH\Database\BaseConnection.php on line 884.
 1 SYSTEMPATH\Model.php(635): CodeIgniter\Database\BaseConnection->table(null)
 2 SYSTEMPATH\Model.php(863): CodeIgniter\Model->builder()
 3 APPPATH\Controllers\FlightController.php(13): CodeIgniter\Model->__call('getAirports', [])
 4 SYSTEMPATH\CodeIgniter.php(942): App\Controllers\FlightController->addFlightPage()
 5 SYSTEMPATH\CodeIgniter.php(502): CodeIgniter\CodeIgniter->runController(Object(App\Controllers\FlightController))
 6 SYSTEMPATH\CodeIgniter.php(361): CodeIgniter\CodeIgniter->handleRequest(null, Object(Config\Cache), false)
 7 FCPATH\index.php(79): CodeIgniter\CodeIgniter->run()
 8 SYSTEMPATH\Commands\Server\rewrite.php(47): require_once('C:\\Users\\RaySi\\TST\\onlyflights\\public\\index.php')
CRITICAL - 2023-12-16 07:39:30 --> You must set the database table to be used with your query.
in SYSTEMPATH\Database\BaseConnection.php on line 884.
 1 SYSTEMPATH\Model.php(635): CodeIgniter\Database\BaseConnection->table(null)
 2 SYSTEMPATH\Model.php(863): CodeIgniter\Model->builder()
 3 APPPATH\Controllers\FlightController.php(13): CodeIgniter\Model->__call('getAirports', [])
 4 SYSTEMPATH\CodeIgniter.php(942): App\Controllers\FlightController->addFlightPage()
 5 SYSTEMPATH\CodeIgniter.php(502): CodeIgniter\CodeIgniter->runController(Object(App\Controllers\FlightController))
 6 SYSTEMPATH\CodeIgniter.php(361): CodeIgniter\CodeIgniter->handleRequest(null, Object(Config\Cache), false)
 7 FCPATH\index.php(79): CodeIgniter\CodeIgniter->run()
 8 SYSTEMPATH\Commands\Server\rewrite.php(47): require_once('C:\\Users\\RaySi\\TST\\onlyflights\\public\\index.php')
CRITICAL - 2023-12-16 07:40:20 --> Undefined property: stdClass::$id
in APPPATH\Views\add_flight.php on line 85.
 1 APPPATH\Views\add_flight.php(85): CodeIgniter\Debug\Exceptions->errorHandler(2, 'Undefined property: stdClass::$id', 'C:\\Users\\RaySi\\TST\\onlyflights\\app\\Views\\add_flight.php', 85)
 2 SYSTEMPATH\View\View.php(228): include('C:\\Users\\RaySi\\TST\\onlyflights\\app\\Views\\add_flight.php')
 3 SYSTEMPATH\View\View.php(231): CodeIgniter\View\View->CodeIgniter\View\{closure}()
 4 SYSTEMPATH\Common.php(1190): CodeIgniter\View\View->render('add_flight', [], true)
 5 APPPATH\Controllers\FlightController.php(14): view('add_flight', [...])
 6 SYSTEMPATH\CodeIgniter.php(942): App\Controllers\FlightController->addFlightPage()
 7 SYSTEMPATH\CodeIgniter.php(502): CodeIgniter\CodeIgniter->runController(Object(App\Controllers\FlightController))
 8 SYSTEMPATH\CodeIgniter.php(361): CodeIgniter\CodeIgniter->handleRequest(null, Object(Config\Cache), false)
 9 FCPATH\index.php(79): CodeIgniter\CodeIgniter->run()
10 SYSTEMPATH\Commands\Server\rewrite.php(47): require_once('C:\\Users\\RaySi\\TST\\onlyflights\\public\\index.php')
CRITICAL - 2023-12-16 07:41:13 --> Undefined property: stdClass::$id
in APPPATH\Views\add_flight.php on line 92.
 1 APPPATH\Views\add_flight.php(92): CodeIgniter\Debug\Exceptions->errorHandler(2, 'Undefined property: stdClass::$id', 'C:\\Users\\RaySi\\TST\\onlyflights\\app\\Views\\add_flight.php', 92)
 2 SYSTEMPATH\View\View.php(228): include('C:\\Users\\RaySi\\TST\\onlyflights\\app\\Views\\add_flight.php')
 3 SYSTEMPATH\View\View.php(231): CodeIgniter\View\View->CodeIgniter\View\{closure}()
 4 SYSTEMPATH\Common.php(1190): CodeIgniter\View\View->render('add_flight', [], true)
 5 APPPATH\Controllers\FlightController.php(14): view('add_flight', [...])
 6 SYSTEMPATH\CodeIgniter.php(942): App\Controllers\FlightController->addFlightPage()
 7 SYSTEMPATH\CodeIgniter.php(502): CodeIgniter\CodeIgniter->runController(Object(App\Controllers\FlightController))
 8 SYSTEMPATH\CodeIgniter.php(361): CodeIgniter\CodeIgniter->handleRequest(null, Object(Config\Cache), false)
 9 FCPATH\index.php(79): CodeIgniter\CodeIgniter->run()
10 SYSTEMPATH\Commands\Server\rewrite.php(47): require_once('C:\\Users\\RaySi\\TST\\onlyflights\\public\\index.php')
CRITICAL - 2023-12-16 07:41:15 --> Undefined property: stdClass::$id
in APPPATH\Views\add_flight.php on line 92.
 1 APPPATH\Views\add_flight.php(92): CodeIgniter\Debug\Exceptions->errorHandler(2, 'Undefined property: stdClass::$id', 'C:\\Users\\RaySi\\TST\\onlyflights\\app\\Views\\add_flight.php', 92)
 2 SYSTEMPATH\View\View.php(228): include('C:\\Users\\RaySi\\TST\\onlyflights\\app\\Views\\add_flight.php')
 3 SYSTEMPATH\View\View.php(231): CodeIgniter\View\View->CodeIgniter\View\{closure}()
 4 SYSTEMPATH\Common.php(1190): CodeIgniter\View\View->render('add_flight', [], true)
 5 APPPATH\Controllers\FlightController.php(14): view('add_flight', [...])
 6 SYSTEMPATH\CodeIgniter.php(942): App\Controllers\FlightController->addFlightPage()
 7 SYSTEMPATH\CodeIgniter.php(502): CodeIgniter\CodeIgniter->runController(Object(App\Controllers\FlightController))
 8 SYSTEMPATH\CodeIgniter.php(361): CodeIgniter\CodeIgniter->handleRequest(null, Object(Config\Cache), false)
 9 FCPATH\index.php(79): CodeIgniter\CodeIgniter->run()
10 SYSTEMPATH\Commands\Server\rewrite.php(47): require_once('C:\\Users\\RaySi\\TST\\onlyflights\\public\\index.php')
CRITICAL - 2023-12-16 08:13:41 --> Undefined variable $flights
in APPPATH\Views\view_flight.php on line 30.
 1 APPPATH\Views\view_flight.php(30): CodeIgniter\Debug\Exceptions->errorHandler(2, 'Undefined variable $flights', 'C:\\Users\\RaySi\\TST\\onlyflights\\app\\Views\\view_flight.php', 30)
 2 SYSTEMPATH\View\View.php(228): include('C:\\Users\\RaySi\\TST\\onlyflights\\app\\Views\\view_flight.php')
 3 SYSTEMPATH\View\View.php(231): CodeIgniter\View\View->CodeIgniter\View\{closure}()
 4 SYSTEMPATH\Common.php(1190): CodeIgniter\View\View->render('view_flight', [], true)
 5 APPPATH\Controllers\FlightController.php(22): view('view_flight', [...])
 6 SYSTEMPATH\CodeIgniter.php(942): App\Controllers\FlightController->viewFlightPage()
 7 SYSTEMPATH\CodeIgniter.php(502): CodeIgniter\CodeIgniter->runController(Object(App\Controllers\FlightController))
 8 SYSTEMPATH\CodeIgniter.php(361): CodeIgniter\CodeIgniter->handleRequest(null, Object(Config\Cache), false)
 9 FCPATH\index.php(79): CodeIgniter\CodeIgniter->run()
10 SYSTEMPATH\Commands\Server\rewrite.php(47): require_once('C:\\Users\\RaySi\\TST\\onlyflights\\public\\index.php')
CRITICAL - 2023-12-16 08:13:55 --> Undefined variable $flight
in APPPATH\Views\view_flight.php on line 30.
 1 APPPATH\Views\view_flight.php(30): CodeIgniter\Debug\Exceptions->errorHandler(2, 'Undefined variable $flight', 'C:\\Users\\RaySi\\TST\\onlyflights\\app\\Views\\view_flight.php', 30)
 2 SYSTEMPATH\View\View.php(228): include('C:\\Users\\RaySi\\TST\\onlyflights\\app\\Views\\view_flight.php')
 3 SYSTEMPATH\View\View.php(231): CodeIgniter\View\View->CodeIgniter\View\{closure}()
 4 SYSTEMPATH\Common.php(1190): CodeIgniter\View\View->render('view_flight', [], true)
 5 APPPATH\Controllers\FlightController.php(22): view('view_flight', [...])
 6 SYSTEMPATH\CodeIgniter.php(942): App\Controllers\FlightController->viewFlightPage()
 7 SYSTEMPATH\CodeIgniter.php(502): CodeIgniter\CodeIgniter->runController(Object(App\Controllers\FlightController))
 8 SYSTEMPATH\CodeIgniter.php(361): CodeIgniter\CodeIgniter->handleRequest(null, Object(Config\Cache), false)
 9 FCPATH\index.php(79): CodeIgniter\CodeIgniter->run()
10 SYSTEMPATH\Commands\Server\rewrite.php(47): require_once('C:\\Users\\RaySi\\TST\\onlyflights\\public\\index.php')
CRITICAL - 2023-12-16 08:13:57 --> Undefined variable $flight
in APPPATH\Views\view_flight.php on line 30.
 1 APPPATH\Views\view_flight.php(30): CodeIgniter\Debug\Exceptions->errorHandler(2, 'Undefined variable $flight', 'C:\\Users\\RaySi\\TST\\onlyflights\\app\\Views\\view_flight.php', 30)
 2 SYSTEMPATH\View\View.php(228): include('C:\\Users\\RaySi\\TST\\onlyflights\\app\\Views\\view_flight.php')
 3 SYSTEMPATH\View\View.php(231): CodeIgniter\View\View->CodeIgniter\View\{closure}()
 4 SYSTEMPATH\Common.php(1190): CodeIgniter\View\View->render('view_flight', [], true)
 5 APPPATH\Controllers\FlightController.php(22): view('view_flight', [...])
 6 SYSTEMPATH\CodeIgniter.php(942): App\Controllers\FlightController->viewFlightPage()
 7 SYSTEMPATH\CodeIgniter.php(502): CodeIgniter\CodeIgniter->runController(Object(App\Controllers\FlightController))
 8 SYSTEMPATH\CodeIgniter.php(361): CodeIgniter\CodeIgniter->handleRequest(null, Object(Config\Cache), false)
 9 FCPATH\index.php(79): CodeIgniter\CodeIgniter->run()
10 SYSTEMPATH\Commands\Server\rewrite.php(47): require_once('C:\\Users\\RaySi\\TST\\onlyflights\\public\\index.php')
CRITICAL - 2023-12-16 08:13:59 --> Undefined variable $flight
in APPPATH\Views\view_flight.php on line 30.
 1 APPPATH\Views\view_flight.php(30): CodeIgniter\Debug\Exceptions->errorHandler(2, 'Undefined variable $flight', 'C:\\Users\\RaySi\\TST\\onlyflights\\app\\Views\\view_flight.php', 30)
 2 SYSTEMPATH\View\View.php(228): include('C:\\Users\\RaySi\\TST\\onlyflights\\app\\Views\\view_flight.php')
 3 SYSTEMPATH\View\View.php(231): CodeIgniter\View\View->CodeIgniter\View\{closure}()
 4 SYSTEMPATH\Common.php(1190): CodeIgniter\View\View->render('view_flight', [], true)
 5 APPPATH\Controllers\FlightController.php(22): view('view_flight', [...])
 6 SYSTEMPATH\CodeIgniter.php(942): App\Controllers\FlightController->viewFlightPage()
 7 SYSTEMPATH\CodeIgniter.php(502): CodeIgniter\CodeIgniter->runController(Object(App\Controllers\FlightController))
 8 SYSTEMPATH\CodeIgniter.php(361): CodeIgniter\CodeIgniter->handleRequest(null, Object(Config\Cache), false)
 9 FCPATH\index.php(79): CodeIgniter\CodeIgniter->run()
10 SYSTEMPATH\Commands\Server\rewrite.php(47): require_once('C:\\Users\\RaySi\\TST\\onlyflights\\public\\index.php')
CRITICAL - 2023-12-16 08:14:00 --> Undefined variable $flight
in APPPATH\Views\view_flight.php on line 30.
 1 APPPATH\Views\view_flight.php(30): CodeIgniter\Debug\Exceptions->errorHandler(2, 'Undefined variable $flight', 'C:\\Users\\RaySi\\TST\\onlyflights\\app\\Views\\view_flight.php', 30)
 2 SYSTEMPATH\View\View.php(228): include('C:\\Users\\RaySi\\TST\\onlyflights\\app\\Views\\view_flight.php')
 3 SYSTEMPATH\View\View.php(231): CodeIgniter\View\View->CodeIgniter\View\{closure}()
 4 SYSTEMPATH\Common.php(1190): CodeIgniter\View\View->render('view_flight', [], true)
 5 APPPATH\Controllers\FlightController.php(22): view('view_flight', [...])
 6 SYSTEMPATH\CodeIgniter.php(942): App\Controllers\FlightController->viewFlightPage()
 7 SYSTEMPATH\CodeIgniter.php(502): CodeIgniter\CodeIgniter->runController(Object(App\Controllers\FlightController))
 8 SYSTEMPATH\CodeIgniter.php(361): CodeIgniter\CodeIgniter->handleRequest(null, Object(Config\Cache), false)
 9 FCPATH\index.php(79): CodeIgniter\CodeIgniter->run()
10 SYSTEMPATH\Commands\Server\rewrite.php(47): require_once('C:\\Users\\RaySi\\TST\\onlyflights\\public\\index.php')
CRITICAL - 2023-12-16 08:14:47 --> Undefined variable $airport
in APPPATH\Controllers\FlightController.php on line 20.
 1 APPPATH\Controllers\FlightController.php(20): CodeIgniter\Debug\Exceptions->errorHandler(2, 'Undefined variable $airport', 'C:\\Users\\RaySi\\TST\\onlyflights\\app\\Controllers\\FlightController.php', 20)
 2 SYSTEMPATH\CodeIgniter.php(942): App\Controllers\FlightController->viewFlightPage()
 3 SYSTEMPATH\CodeIgniter.php(502): CodeIgniter\CodeIgniter->runController(Object(App\Controllers\FlightController))
 4 SYSTEMPATH\CodeIgniter.php(361): CodeIgniter\CodeIgniter->handleRequest(null, Object(Config\Cache), false)
 5 FCPATH\index.php(79): CodeIgniter\CodeIgniter->run()
 6 SYSTEMPATH\Commands\Server\rewrite.php(47): require_once('C:\\Users\\RaySi\\TST\\onlyflights\\public\\index.php')
CRITICAL - 2023-12-16 08:14:48 --> Undefined variable $airport
in APPPATH\Controllers\FlightController.php on line 20.
 1 APPPATH\Controllers\FlightController.php(20): CodeIgniter\Debug\Exceptions->errorHandler(2, 'Undefined variable $airport', 'C:\\Users\\RaySi\\TST\\onlyflights\\app\\Controllers\\FlightController.php', 20)
 2 SYSTEMPATH\CodeIgniter.php(942): App\Controllers\FlightController->viewFlightPage()
 3 SYSTEMPATH\CodeIgniter.php(502): CodeIgniter\CodeIgniter->runController(Object(App\Controllers\FlightController))
 4 SYSTEMPATH\CodeIgniter.php(361): CodeIgniter\CodeIgniter->handleRequest(null, Object(Config\Cache), false)
 5 FCPATH\index.php(79): CodeIgniter\CodeIgniter->run()
 6 SYSTEMPATH\Commands\Server\rewrite.php(47): require_once('C:\\Users\\RaySi\\TST\\onlyflights\\public\\index.php')
CRITICAL - 2023-12-16 08:14:56 --> Undefined variable $flight
in APPPATH\Controllers\FlightController.php on line 20.
 1 APPPATH\Controllers\FlightController.php(20): CodeIgniter\Debug\Exceptions->errorHandler(2, 'Undefined variable $flight', 'C:\\Users\\RaySi\\TST\\onlyflights\\app\\Controllers\\FlightController.php', 20)
 2 SYSTEMPATH\CodeIgniter.php(942): App\Controllers\FlightController->viewFlightPage()
 3 SYSTEMPATH\CodeIgniter.php(502): CodeIgniter\CodeIgniter->runController(Object(App\Controllers\FlightController))
 4 SYSTEMPATH\CodeIgniter.php(361): CodeIgniter\CodeIgniter->handleRequest(null, Object(Config\Cache), false)
 5 FCPATH\index.php(79): CodeIgniter\CodeIgniter->run()
 6 SYSTEMPATH\Commands\Server\rewrite.php(47): require_once('C:\\Users\\RaySi\\TST\\onlyflights\\public\\index.php')
CRITICAL - 2023-12-16 08:14:57 --> Undefined variable $flight
in APPPATH\Controllers\FlightController.php on line 20.
 1 APPPATH\Controllers\FlightController.php(20): CodeIgniter\Debug\Exceptions->errorHandler(2, 'Undefined variable $flight', 'C:\\Users\\RaySi\\TST\\onlyflights\\app\\Controllers\\FlightController.php', 20)
 2 SYSTEMPATH\CodeIgniter.php(942): App\Controllers\FlightController->viewFlightPage()
 3 SYSTEMPATH\CodeIgniter.php(502): CodeIgniter\CodeIgniter->runController(Object(App\Controllers\FlightController))
 4 SYSTEMPATH\CodeIgniter.php(361): CodeIgniter\CodeIgniter->handleRequest(null, Object(Config\Cache), false)
 5 FCPATH\index.php(79): CodeIgniter\CodeIgniter->run()
 6 SYSTEMPATH\Commands\Server\rewrite.php(47): require_once('C:\\Users\\RaySi\\TST\\onlyflights\\public\\index.php')
CRITICAL - 2023-12-16 08:22:11 --> Call to undefined method App\Controllers\AirportController::getCountries()
in APPPATH\Controllers\AirportController.php on line 12.
 1 SYSTEMPATH\CodeIgniter.php(942): App\Controllers\AirportController->addPage()
 2 SYSTEMPATH\CodeIgniter.php(502): CodeIgniter\CodeIgniter->runController(Object(App\Controllers\AirportController))
 3 SYSTEMPATH\CodeIgniter.php(361): CodeIgniter\CodeIgniter->handleRequest(null, Object(Config\Cache), false)
 4 FCPATH\index.php(79): CodeIgniter\CodeIgniter->run()
 5 SYSTEMPATH\Commands\Server\rewrite.php(47): require_once('C:\\Users\\RaySi\\TST\\onlyflights\\public\\index.php')
CRITICAL - 2023-12-16 08:22:36 --> Call to undefined method App\Controllers\AirportController::getCountries()
in APPPATH\Controllers\AirportController.php on line 13.
 1 SYSTEMPATH\CodeIgniter.php(942): App\Controllers\AirportController->addPage()
 2 SYSTEMPATH\CodeIgniter.php(502): CodeIgniter\CodeIgniter->runController(Object(App\Controllers\AirportController))
 3 SYSTEMPATH\CodeIgniter.php(361): CodeIgniter\CodeIgniter->handleRequest(null, Object(Config\Cache), false)
 4 FCPATH\index.php(79): CodeIgniter\CodeIgniter->run()
 5 SYSTEMPATH\Commands\Server\rewrite.php(47): require_once('C:\\Users\\RaySi\\TST\\onlyflights\\public\\index.php')
CRITICAL - 2023-12-16 08:22:37 --> Call to undefined method App\Controllers\AirportController::getCountries()
in APPPATH\Controllers\AirportController.php on line 13.
 1 SYSTEMPATH\CodeIgniter.php(942): App\Controllers\AirportController->addPage()
 2 SYSTEMPATH\CodeIgniter.php(502): CodeIgniter\CodeIgniter->runController(Object(App\Controllers\AirportController))
 3 SYSTEMPATH\CodeIgniter.php(361): CodeIgniter\CodeIgniter->handleRequest(null, Object(Config\Cache), false)
 4 FCPATH\index.php(79): CodeIgniter\CodeIgniter->run()
 5 SYSTEMPATH\Commands\Server\rewrite.php(47): require_once('C:\\Users\\RaySi\\TST\\onlyflights\\public\\index.php')
CRITICAL - 2023-12-16 08:22:38 --> Call to undefined method App\Controllers\AirportController::getCountries()
in APPPATH\Controllers\AirportController.php on line 13.
 1 SYSTEMPATH\CodeIgniter.php(942): App\Controllers\AirportController->addPage()
 2 SYSTEMPATH\CodeIgniter.php(502): CodeIgniter\CodeIgniter->runController(Object(App\Controllers\AirportController))
 3 SYSTEMPATH\CodeIgniter.php(361): CodeIgniter\CodeIgniter->handleRequest(null, Object(Config\Cache), false)
 4 FCPATH\index.php(79): CodeIgniter\CodeIgniter->run()
 5 SYSTEMPATH\Commands\Server\rewrite.php(47): require_once('C:\\Users\\RaySi\\TST\\onlyflights\\public\\index.php')
CRITICAL - 2023-12-16 08:22:39 --> Call to undefined method App\Controllers\AirportController::getCountries()
in APPPATH\Controllers\AirportController.php on line 13.
 1 SYSTEMPATH\CodeIgniter.php(942): App\Controllers\AirportController->addPage()
 2 SYSTEMPATH\CodeIgniter.php(502): CodeIgniter\CodeIgniter->runController(Object(App\Controllers\AirportController))
 3 SYSTEMPATH\CodeIgniter.php(361): CodeIgniter\CodeIgniter->handleRequest(null, Object(Config\Cache), false)
 4 FCPATH\index.php(79): CodeIgniter\CodeIgniter->run()
 5 SYSTEMPATH\Commands\Server\rewrite.php(47): require_once('C:\\Users\\RaySi\\TST\\onlyflights\\public\\index.php')
CRITICAL - 2023-12-16 08:22:39 --> Call to undefined method App\Controllers\AirportController::getCountries()
in APPPATH\Controllers\AirportController.php on line 13.
 1 SYSTEMPATH\CodeIgniter.php(942): App\Controllers\AirportController->addPage()
 2 SYSTEMPATH\CodeIgniter.php(502): CodeIgniter\CodeIgniter->runController(Object(App\Controllers\AirportController))
 3 SYSTEMPATH\CodeIgniter.php(361): CodeIgniter\CodeIgniter->handleRequest(null, Object(Config\Cache), false)
 4 FCPATH\index.php(79): CodeIgniter\CodeIgniter->run()
 5 SYSTEMPATH\Commands\Server\rewrite.php(47): require_once('C:\\Users\\RaySi\\TST\\onlyflights\\public\\index.php')
CRITICAL - 2023-12-16 08:22:52 --> Call to undefined method App\Controllers\AirportController::getCountries()
in APPPATH\Controllers\AirportController.php on line 13.
 1 SYSTEMPATH\CodeIgniter.php(942): App\Controllers\AirportController->addPage()
 2 SYSTEMPATH\CodeIgniter.php(502): CodeIgniter\CodeIgniter->runController(Object(App\Controllers\AirportController))
 3 SYSTEMPATH\CodeIgniter.php(361): CodeIgniter\CodeIgniter->handleRequest(null, Object(Config\Cache), false)
 4 FCPATH\index.php(79): CodeIgniter\CodeIgniter->run()
 5 SYSTEMPATH\Commands\Server\rewrite.php(47): require_once('C:\\Users\\RaySi\\TST\\onlyflights\\public\\index.php')
CRITICAL - 2023-12-16 08:22:53 --> Call to undefined method App\Controllers\AirportController::getCountries()
in APPPATH\Controllers\AirportController.php on line 13.
 1 SYSTEMPATH\CodeIgniter.php(942): App\Controllers\AirportController->addPage()
 2 SYSTEMPATH\CodeIgniter.php(502): CodeIgniter\CodeIgniter->runController(Object(App\Controllers\AirportController))
 3 SYSTEMPATH\CodeIgniter.php(361): CodeIgniter\CodeIgniter->handleRequest(null, Object(Config\Cache), false)
 4 FCPATH\index.php(79): CodeIgniter\CodeIgniter->run()
 5 SYSTEMPATH\Commands\Server\rewrite.php(47): require_once('C:\\Users\\RaySi\\TST\\onlyflights\\public\\index.php')
WARNING - 2023-12-16 08:25:16 --> [DEPRECATED] Creation of dynamic property App\Controllers\AirportController::$getCountries is deprecated in APPPATH\Controllers\AirportController.php on line 13.
 1 SYSTEMPATH\CodeIgniter.php(942): App\Controllers\AirportController->addPage()
 2 SYSTEMPATH\CodeIgniter.php(502): CodeIgniter\CodeIgniter->runController(Object(App\Controllers\AirportController))
 3 SYSTEMPATH\CodeIgniter.php(361): CodeIgniter\CodeIgniter->handleRequest(null, Object(Config\Cache), false)
 4 FCPATH\index.php(79): CodeIgniter\CodeIgniter->run()
 5 SYSTEMPATH\Commands\Server\rewrite.php(47): require_once('C:\\Users\\RaySi\\TST\\onlyflights\\public\\index.php')
CRITICAL - 2023-12-16 08:25:16 --> Call to undefined method App\Controllers\AirportController::getCountries()
in APPPATH\Controllers\AirportController.php on line 14.
 1 SYSTEMPATH\CodeIgniter.php(942): App\Controllers\AirportController->addPage()
 2 SYSTEMPATH\CodeIgniter.php(502): CodeIgniter\CodeIgniter->runController(Object(App\Controllers\AirportController))
 3 SYSTEMPATH\CodeIgniter.php(361): CodeIgniter\CodeIgniter->handleRequest(null, Object(Config\Cache), false)
 4 FCPATH\index.php(79): CodeIgniter\CodeIgniter->run()
 5 SYSTEMPATH\Commands\Server\rewrite.php(47): require_once('C:\\Users\\RaySi\\TST\\onlyflights\\public\\index.php')
WARNING - 2023-12-16 08:25:17 --> [DEPRECATED] Creation of dynamic property App\Controllers\AirportController::$getCountries is deprecated in APPPATH\Controllers\AirportController.php on line 13.
 1 SYSTEMPATH\CodeIgniter.php(942): App\Controllers\AirportController->addPage()
 2 SYSTEMPATH\CodeIgniter.php(502): CodeIgniter\CodeIgniter->runController(Object(App\Controllers\AirportController))
 3 SYSTEMPATH\CodeIgniter.php(361): CodeIgniter\CodeIgniter->handleRequest(null, Object(Config\Cache), false)
 4 FCPATH\index.php(79): CodeIgniter\CodeIgniter->run()
 5 SYSTEMPATH\Commands\Server\rewrite.php(47): require_once('C:\\Users\\RaySi\\TST\\onlyflights\\public\\index.php')
CRITICAL - 2023-12-16 08:25:17 --> Call to undefined method App\Controllers\AirportController::getCountries()
in APPPATH\Controllers\AirportController.php on line 14.
 1 SYSTEMPATH\CodeIgniter.php(942): App\Controllers\AirportController->addPage()
 2 SYSTEMPATH\CodeIgniter.php(502): CodeIgniter\CodeIgniter->runController(Object(App\Controllers\AirportController))
 3 SYSTEMPATH\CodeIgniter.php(361): CodeIgniter\CodeIgniter->handleRequest(null, Object(Config\Cache), false)
 4 FCPATH\index.php(79): CodeIgniter\CodeIgniter->run()
 5 SYSTEMPATH\Commands\Server\rewrite.php(47): require_once('C:\\Users\\RaySi\\TST\\onlyflights\\public\\index.php')
CRITICAL - 2023-12-16 08:26:56 --> Unclosed '[' does not match ')'
in APPPATH\Controllers\AirportController.php on line 13.
 1 SYSTEMPATH\Autoloader\Autoloader.php(291): CodeIgniter\Autoloader\Autoloader->includeFile('C:\\Users\\RaySi\\TST\\onlyflights\\app\\Controllers\\AirportController.php')
 2 SYSTEMPATH\Autoloader\Autoloader.php(269): CodeIgniter\Autoloader\Autoloader->loadInNamespace('App\\Controllers\\AirportController')
 3 [internal function]: CodeIgniter\Autoloader\Autoloader->loadClass('App\\Controllers\\AirportController')
 4 SYSTEMPATH\CodeIgniter.php(900): class_exists('\\App\\Controllers\\AirportController', true)
 5 SYSTEMPATH\CodeIgniter.php(489): CodeIgniter\CodeIgniter->startController()
 6 SYSTEMPATH\CodeIgniter.php(361): CodeIgniter\CodeIgniter->handleRequest(null, Object(Config\Cache), false)
 7 FCPATH\index.php(79): CodeIgniter\CodeIgniter->run()
 8 SYSTEMPATH\Commands\Server\rewrite.php(47): require_once('C:\\Users\\RaySi\\TST\\onlyflights\\public\\index.php')
CRITICAL - 2023-12-16 08:26:57 --> Unclosed '[' does not match ')'
in APPPATH\Controllers\AirportController.php on line 13.
 1 SYSTEMPATH\Autoloader\Autoloader.php(291): CodeIgniter\Autoloader\Autoloader->includeFile('C:\\Users\\RaySi\\TST\\onlyflights\\app\\Controllers\\AirportController.php')
 2 SYSTEMPATH\Autoloader\Autoloader.php(269): CodeIgniter\Autoloader\Autoloader->loadInNamespace('App\\Controllers\\AirportController')
 3 [internal function]: CodeIgniter\Autoloader\Autoloader->loadClass('App\\Controllers\\AirportController')
 4 SYSTEMPATH\CodeIgniter.php(900): class_exists('\\App\\Controllers\\AirportController', true)
 5 SYSTEMPATH\CodeIgniter.php(489): CodeIgniter\CodeIgniter->startController()
 6 SYSTEMPATH\CodeIgniter.php(361): CodeIgniter\CodeIgniter->handleRequest(null, Object(Config\Cache), false)
 7 FCPATH\index.php(79): CodeIgniter\CodeIgniter->run()
 8 SYSTEMPATH\Commands\Server\rewrite.php(47): require_once('C:\\Users\\RaySi\\TST\\onlyflights\\public\\index.php')
CRITICAL - 2023-12-16 08:27:02 --> You must set the database table to be used with your query.
in SYSTEMPATH\Database\BaseConnection.php on line 884.
 1 SYSTEMPATH\Model.php(635): CodeIgniter\Database\BaseConnection->table(null)
 2 SYSTEMPATH\Model.php(838): CodeIgniter\Model->builder()
 3 APPPATH\Controllers\AirportController.php(13): CodeIgniter\Model->__get('getCountries')
 4 SYSTEMPATH\CodeIgniter.php(942): App\Controllers\AirportController->addPage()
 5 SYSTEMPATH\CodeIgniter.php(502): CodeIgniter\CodeIgniter->runController(Object(App\Controllers\AirportController))
 6 SYSTEMPATH\CodeIgniter.php(361): CodeIgniter\CodeIgniter->handleRequest(null, Object(Config\Cache), false)
 7 FCPATH\index.php(79): CodeIgniter\CodeIgniter->run()
 8 SYSTEMPATH\Commands\Server\rewrite.php(47): require_once('C:\\Users\\RaySi\\TST\\onlyflights\\public\\index.php')
CRITICAL - 2023-12-16 08:29:12 --> foreach() argument must be of type array|object, null given
in APPPATH\Views\add_airport.php on line 88.
 1 APPPATH\Views\add_airport.php(88): CodeIgniter\Debug\Exceptions->errorHandler(2, 'foreach() argument must be of type array|object, null given', 'C:\\Users\\RaySi\\TST\\onlyflights\\app\\Views\\add_airport.php', 88)
 2 SYSTEMPATH\View\View.php(228): include('C:\\Users\\RaySi\\TST\\onlyflights\\app\\Views\\add_airport.php')
 3 SYSTEMPATH\View\View.php(231): CodeIgniter\View\View->CodeIgniter\View\{closure}()
 4 SYSTEMPATH\Common.php(1190): CodeIgniter\View\View->render('add_airport', [], true)
 5 APPPATH\Controllers\AirportController.php(13): view('add_airport', [...])
 6 SYSTEMPATH\CodeIgniter.php(942): App\Controllers\AirportController->addPage()
 7 SYSTEMPATH\CodeIgniter.php(502): CodeIgniter\CodeIgniter->runController(Object(App\Controllers\AirportController))
 8 SYSTEMPATH\CodeIgniter.php(361): CodeIgniter\CodeIgniter->handleRequest(null, Object(Config\Cache), false)
 9 FCPATH\index.php(79): CodeIgniter\CodeIgniter->run()
10 SYSTEMPATH\Commands\Server\rewrite.php(47): require_once('C:\\Users\\RaySi\\TST\\onlyflights\\public\\index.php')
CRITICAL - 2023-12-16 08:29:46 --> foreach() argument must be of type array|object, null given
in APPPATH\Views\add_airport.php on line 88.
 1 APPPATH\Views\add_airport.php(88): CodeIgniter\Debug\Exceptions->errorHandler(2, 'foreach() argument must be of type array|object, null given', 'C:\\Users\\RaySi\\TST\\onlyflights\\app\\Views\\add_airport.php', 88)
 2 SYSTEMPATH\View\View.php(228): include('C:\\Users\\RaySi\\TST\\onlyflights\\app\\Views\\add_airport.php')
 3 SYSTEMPATH\View\View.php(231): CodeIgniter\View\View->CodeIgniter\View\{closure}()
 4 SYSTEMPATH\Common.php(1190): CodeIgniter\View\View->render('add_airport', [], true)
 5 APPPATH\Controllers\AirportController.php(13): view('add_airport', [...])
 6 SYSTEMPATH\CodeIgniter.php(942): App\Controllers\AirportController->addPage()
 7 SYSTEMPATH\CodeIgniter.php(502): CodeIgniter\CodeIgniter->runController(Object(App\Controllers\AirportController))
 8 SYSTEMPATH\CodeIgniter.php(361): CodeIgniter\CodeIgniter->handleRequest(null, Object(Config\Cache), false)
 9 FCPATH\index.php(79): CodeIgniter\CodeIgniter->run()
10 SYSTEMPATH\Commands\Server\rewrite.php(47): require_once('C:\\Users\\RaySi\\TST\\onlyflights\\public\\index.php')
CRITICAL - 2023-12-16 08:29:47 --> foreach() argument must be of type array|object, null given
in APPPATH\Views\add_airport.php on line 88.
 1 APPPATH\Views\add_airport.php(88): CodeIgniter\Debug\Exceptions->errorHandler(2, 'foreach() argument must be of type array|object, null given', 'C:\\Users\\RaySi\\TST\\onlyflights\\app\\Views\\add_airport.php', 88)
 2 SYSTEMPATH\View\View.php(228): include('C:\\Users\\RaySi\\TST\\onlyflights\\app\\Views\\add_airport.php')
 3 SYSTEMPATH\View\View.php(231): CodeIgniter\View\View->CodeIgniter\View\{closure}()
 4 SYSTEMPATH\Common.php(1190): CodeIgniter\View\View->render('add_airport', [], true)
 5 APPPATH\Controllers\AirportController.php(13): view('add_airport', [...])
 6 SYSTEMPATH\CodeIgniter.php(942): App\Controllers\AirportController->addPage()
 7 SYSTEMPATH\CodeIgniter.php(502): CodeIgniter\CodeIgniter->runController(Object(App\Controllers\AirportController))
 8 SYSTEMPATH\CodeIgniter.php(361): CodeIgniter\CodeIgniter->handleRequest(null, Object(Config\Cache), false)
 9 FCPATH\index.php(79): CodeIgniter\CodeIgniter->run()
10 SYSTEMPATH\Commands\Server\rewrite.php(47): require_once('C:\\Users\\RaySi\\TST\\onlyflights\\public\\index.php')
CRITICAL - 2023-12-16 08:29:48 --> foreach() argument must be of type array|object, null given
in APPPATH\Views\add_airport.php on line 88.
 1 APPPATH\Views\add_airport.php(88): CodeIgniter\Debug\Exceptions->errorHandler(2, 'foreach() argument must be of type array|object, null given', 'C:\\Users\\RaySi\\TST\\onlyflights\\app\\Views\\add_airport.php', 88)
 2 SYSTEMPATH\View\View.php(228): include('C:\\Users\\RaySi\\TST\\onlyflights\\app\\Views\\add_airport.php')
 3 SYSTEMPATH\View\View.php(231): CodeIgniter\View\View->CodeIgniter\View\{closure}()
 4 SYSTEMPATH\Common.php(1190): CodeIgniter\View\View->render('add_airport', [], true)
 5 APPPATH\Controllers\AirportController.php(13): view('add_airport', [...])
 6 SYSTEMPATH\CodeIgniter.php(942): App\Controllers\AirportController->addPage()
 7 SYSTEMPATH\CodeIgniter.php(502): CodeIgniter\CodeIgniter->runController(Object(App\Controllers\AirportController))
 8 SYSTEMPATH\CodeIgniter.php(361): CodeIgniter\CodeIgniter->handleRequest(null, Object(Config\Cache), false)
 9 FCPATH\index.php(79): CodeIgniter\CodeIgniter->run()
10 SYSTEMPATH\Commands\Server\rewrite.php(47): require_once('C:\\Users\\RaySi\\TST\\onlyflights\\public\\index.php')
CRITICAL - 2023-12-16 08:31:30 --> foreach() argument must be of type array|object, null given
in APPPATH\Views\add_airport.php on line 88.
 1 APPPATH\Views\add_airport.php(88): CodeIgniter\Debug\Exceptions->errorHandler(2, 'foreach() argument must be of type array|object, null given', 'C:\\Users\\RaySi\\TST\\onlyflights\\app\\Views\\add_airport.php', 88)
 2 SYSTEMPATH\View\View.php(228): include('C:\\Users\\RaySi\\TST\\onlyflights\\app\\Views\\add_airport.php')
 3 SYSTEMPATH\View\View.php(231): CodeIgniter\View\View->CodeIgniter\View\{closure}()
 4 SYSTEMPATH\Common.php(1190): CodeIgniter\View\View->render('add_airport', [], true)
 5 APPPATH\Controllers\AirportController.php(13): view('add_airport', [...])
 6 SYSTEMPATH\CodeIgniter.php(942): App\Controllers\AirportController->addPage()
 7 SYSTEMPATH\CodeIgniter.php(502): CodeIgniter\CodeIgniter->runController(Object(App\Controllers\AirportController))
 8 SYSTEMPATH\CodeIgniter.php(361): CodeIgniter\CodeIgniter->handleRequest(null, Object(Config\Cache), false)
 9 FCPATH\index.php(79): CodeIgniter\CodeIgniter->run()
10 SYSTEMPATH\Commands\Server\rewrite.php(47): require_once('C:\\Users\\RaySi\\TST\\onlyflights\\public\\index.php')
CRITICAL - 2023-12-16 08:31:45 --> foreach() argument must be of type array|object, null given
in APPPATH\Views\add_airport.php on line 88.
 1 APPPATH\Views\add_airport.php(88): CodeIgniter\Debug\Exceptions->errorHandler(2, 'foreach() argument must be of type array|object, null given', 'C:\\Users\\RaySi\\TST\\onlyflights\\app\\Views\\add_airport.php', 88)
 2 SYSTEMPATH\View\View.php(228): include('C:\\Users\\RaySi\\TST\\onlyflights\\app\\Views\\add_airport.php')
 3 SYSTEMPATH\View\View.php(231): CodeIgniter\View\View->CodeIgniter\View\{closure}()
 4 SYSTEMPATH\Common.php(1190): CodeIgniter\View\View->render('add_airport', [], true)
 5 APPPATH\Controllers\AirportController.php(13): view('add_airport', [...])
 6 SYSTEMPATH\CodeIgniter.php(942): App\Controllers\AirportController->addPage()
 7 SYSTEMPATH\CodeIgniter.php(502): CodeIgniter\CodeIgniter->runController(Object(App\Controllers\AirportController))
 8 SYSTEMPATH\CodeIgniter.php(361): CodeIgniter\CodeIgniter->handleRequest(null, Object(Config\Cache), false)
 9 FCPATH\index.php(79): CodeIgniter\CodeIgniter->run()
10 SYSTEMPATH\Commands\Server\rewrite.php(47): require_once('C:\\Users\\RaySi\\TST\\onlyflights\\public\\index.php')
CRITICAL - 2023-12-16 19:24:55 --> You must set the database table to be used with your query.
in SYSTEMPATH\Database\BaseConnection.php on line 884.
 1 SYSTEMPATH\Model.php(635): CodeIgniter\Database\BaseConnection->table(null)
 2 SYSTEMPATH\Model.php(863): CodeIgniter\Model->builder()
 3 APPPATH\Controllers\FlightController.php(20): CodeIgniter\Model->__call('getFlight', [])
 4 SYSTEMPATH\CodeIgniter.php(942): App\Controllers\FlightController->viewFlightPage()
 5 SYSTEMPATH\CodeIgniter.php(502): CodeIgniter\CodeIgniter->runController(Object(App\Controllers\FlightController))
 6 SYSTEMPATH\CodeIgniter.php(361): CodeIgniter\CodeIgniter->handleRequest(null, Object(Config\Cache), false)
 7 FCPATH\index.php(79): CodeIgniter\CodeIgniter->run()
 8 SYSTEMPATH\Commands\Server\rewrite.php(47): require_once('C:\\Users\\RaySi\\TST\\onlyflights\\public\\index.php')
CRITICAL - 2023-12-16 19:25:49 --> You must set the database table to be used with your query.
in SYSTEMPATH\Database\BaseConnection.php on line 884.
 1 SYSTEMPATH\Model.php(635): CodeIgniter\Database\BaseConnection->table(null)
 2 SYSTEMPATH\Model.php(863): CodeIgniter\Model->builder()
 3 APPPATH\Controllers\FlightController.php(20): CodeIgniter\Model->__call('getFlight', [])
 4 SYSTEMPATH\CodeIgniter.php(942): App\Controllers\FlightController->viewFlightPage()
 5 SYSTEMPATH\CodeIgniter.php(502): CodeIgniter\CodeIgniter->runController(Object(App\Controllers\FlightController))
 6 SYSTEMPATH\CodeIgniter.php(361): CodeIgniter\CodeIgniter->handleRequest(null, Object(Config\Cache), false)
 7 FCPATH\index.php(79): CodeIgniter\CodeIgniter->run()
 8 SYSTEMPATH\Commands\Server\rewrite.php(47): require_once('C:\\Users\\RaySi\\TST\\onlyflights\\public\\index.php')
CRITICAL - 2023-12-16 19:25:50 --> You must set the database table to be used with your query.
in SYSTEMPATH\Database\BaseConnection.php on line 884.
 1 SYSTEMPATH\Model.php(635): CodeIgniter\Database\BaseConnection->table(null)
 2 SYSTEMPATH\Model.php(863): CodeIgniter\Model->builder()
 3 APPPATH\Controllers\FlightController.php(20): CodeIgniter\Model->__call('getFlight', [])
 4 SYSTEMPATH\CodeIgniter.php(942): App\Controllers\FlightController->viewFlightPage()
 5 SYSTEMPATH\CodeIgniter.php(502): CodeIgniter\CodeIgniter->runController(Object(App\Controllers\FlightController))
 6 SYSTEMPATH\CodeIgniter.php(361): CodeIgniter\CodeIgniter->handleRequest(null, Object(Config\Cache), false)
 7 FCPATH\index.php(79): CodeIgniter\CodeIgniter->run()
 8 SYSTEMPATH\Commands\Server\rewrite.php(47): require_once('C:\\Users\\RaySi\\TST\\onlyflights\\public\\index.php')
CRITICAL - 2023-12-16 19:27:06 --> Undefined variable $flight
in APPPATH\Views\view_flight.php on line 20.
 1 APPPATH\Views\view_flight.php(20): CodeIgniter\Debug\Exceptions->errorHandler(2, 'Undefined variable $flight', 'C:\\Users\\RaySi\\TST\\onlyflights\\app\\Views\\view_flight.php', 20)
 2 SYSTEMPATH\View\View.php(228): include('C:\\Users\\RaySi\\TST\\onlyflights\\app\\Views\\view_flight.php')
 3 SYSTEMPATH\View\View.php(231): CodeIgniter\View\View->CodeIgniter\View\{closure}()
 4 SYSTEMPATH\Common.php(1190): CodeIgniter\View\View->render('view_flight', [], true)
 5 APPPATH\Controllers\FlightController.php(21): view('view_flight', [...])
 6 SYSTEMPATH\CodeIgniter.php(942): App\Controllers\FlightController->viewFlightPage()
 7 SYSTEMPATH\CodeIgniter.php(502): CodeIgniter\CodeIgniter->runController(Object(App\Controllers\FlightController))
 8 SYSTEMPATH\CodeIgniter.php(361): CodeIgniter\CodeIgniter->handleRequest(null, Object(Config\Cache), false)
 9 FCPATH\index.php(79): CodeIgniter\CodeIgniter->run()
10 SYSTEMPATH\Commands\Server\rewrite.php(47): require_once('C:\\Users\\RaySi\\TST\\onlyflights\\public\\index.php')
CRITICAL - 2023-12-16 19:27:07 --> Undefined variable $flight
in APPPATH\Views\view_flight.php on line 20.
 1 APPPATH\Views\view_flight.php(20): CodeIgniter\Debug\Exceptions->errorHandler(2, 'Undefined variable $flight', 'C:\\Users\\RaySi\\TST\\onlyflights\\app\\Views\\view_flight.php', 20)
 2 SYSTEMPATH\View\View.php(228): include('C:\\Users\\RaySi\\TST\\onlyflights\\app\\Views\\view_flight.php')
 3 SYSTEMPATH\View\View.php(231): CodeIgniter\View\View->CodeIgniter\View\{closure}()
 4 SYSTEMPATH\Common.php(1190): CodeIgniter\View\View->render('view_flight', [], true)
 5 APPPATH\Controllers\FlightController.php(21): view('view_flight', [...])
 6 SYSTEMPATH\CodeIgniter.php(942): App\Controllers\FlightController->viewFlightPage()
 7 SYSTEMPATH\CodeIgniter.php(502): CodeIgniter\CodeIgniter->runController(Object(App\Controllers\FlightController))
 8 SYSTEMPATH\CodeIgniter.php(361): CodeIgniter\CodeIgniter->handleRequest(null, Object(Config\Cache), false)
 9 FCPATH\index.php(79): CodeIgniter\CodeIgniter->run()
10 SYSTEMPATH\Commands\Server\rewrite.php(47): require_once('C:\\Users\\RaySi\\TST\\onlyflights\\public\\index.php')
